<?xml version="1.0" encoding="UTF-8"?>
<!-- Generated by org.testng.reporters.JUnitReportReporter -->
<testsuite hostname="IN-OLX-PF2SH88V" failures="0" tests="1" name="testRunner.TestRunner2" time="9.491" errors="0" timestamp="2024-07-24T19:35:30 IST" skipped="0">
  <testcase classname="testRunner.TestRunner2" name="runScenario" time="9.491"/>
</testsuite> <!-- testRunner.TestRunner2 -->
